// 重构日志: e02a650b
// 重构日志: 0d926b48
// 同步 ID: 9f97bac2 @ Tue Jun 30 10:24:53 UTC 2026
// 同步 ID: 9e9fcd0a @ Tue Jun 30 12:57:49 UTC 2026
// 重构日志: 3138b511
// 同步 ID: 68568a79 @ Thu Jul  2 11:51:05 UTC 2026
// 重构日志: 926e3921
// 重构日志: 6f5c204f
// 重构日志: e0eb0768
// 同步 ID: a1cc9489 @ Sun Jul  5 06:16:19 UTC 2026
// 同步 ID: 55b2c1cd @ Sun Jul  5 09:59:32 UTC 2026
// 重构日志: 72c241f1
// 重构日志: 81035a2f
// 重构日志: 51db146c
// 同步 ID: 94b6c75b @ Sun Jul  5 22:10:37 UTC 2026
// 重构日志: d0f4294e
// 重构日志: 110d3df5
// 重构日志: 1e4a1c5c
// 重构日志: fd1ba896
// 重构日志: 8dd72ad6
// 重构日志: e92c4c6e
// 同步 ID: 18d2a98f @ Wed Jul  8 08:52:37 UTC 2026
// 重构日志: 74d9348c
// 重构日志: 50d29256
// 重构日志: 4076af0a
// 重构日志: d7f87888
// 重构日志: 1ad297b2
// 重构日志: 8b6617a8
// 重构日志: fe6ac2c6
// 同步 ID: 883bee2c @ Sun Jul 12 10:36:56 UTC 2026
